\BOOKMARK [1][-]{section.5}{\376\377\000P\000e\000n\000d\000a\000h\000u\000l\000u\000a\000n}{}% 1
\BOOKMARK [2][-]{subsection.6}{\376\377\000L\000a\000t\000a\000r\000\040\000B\000e\000l\000a\000k\000a\000n\000g}{section.5}% 2
\BOOKMARK [2][-]{subsection.7}{\376\377\000R\000u\000m\000u\000s\000a\000n\000\040\000M\000a\000s\000a\000l\000a\000h}{section.5}% 3
\BOOKMARK [2][-]{subsection.11}{\376\377\000T\000u\000j\000u\000a\000n\000\040\000P\000e\000n\000e\000l\000i\000t\000i\000a\000n}{section.5}% 4
\BOOKMARK [2][-]{subsection.15}{\376\377\000M\000a\000n\000f\000a\000a\000t\000\040\000P\000e\000n\000e\000l\000i\000t\000i\000a\000n}{section.5}% 5
\BOOKMARK [1][-]{section.16}{\376\377\000T\000i\000n\000j\000a\000u\000a\000n\000\040\000P\000u\000s\000t\000a\000k\000a}{}% 6
\BOOKMARK [2][-]{subsection.17}{\376\377\000S\000i\000s\000t\000e\000m\000\040\000K\000e\000n\000d\000a\000l\000i\000\040\000R\000o\000b\000o\000t\000\040\000\050\000I\000n\000t\000e\000l\000l\000i\000g\000e\000n\000t\000\040\000C\000o\000n\000t\000r\000o\000l\000s\000\051}{section.16}% 7
\BOOKMARK [2][-]{subsection.18}{\376\377\000S\000e\000n\000s\000o\000r\000\040\000J\000a\000r\000a\000k\000\040\000d\000a\000n\000\040\000P\000e\000n\000g\000i\000n\000d\000e\000r\000a\000a\000n\000\040\000L\000i\000n\000g\000k\000u\000n\000g\000a\000n}{section.16}% 8
\BOOKMARK [2][-]{subsection.20}{\376\377\000P\000l\000a\000t\000f\000o\000r\000m\000\040\000M\000i\000k\000r\000o\000k\000o\000n\000t\000r\000o\000l\000e\000r\000\040\000/\000\040\000S\000i\000n\000g\000l\000e\000\040\000B\000o\000a\000r\000d\000\040\000C\000o\000m\000p\000u\000t\000e\000r}{section.16}% 9
\BOOKMARK [1][-]{section.21}{\376\377\000P\000e\000r\000a\000n\000c\000a\000n\000g\000a\000n\000\040\000S\000i\000s\000t\000e\000m}{}% 10
\BOOKMARK [2][-]{subsection.22}{\376\377\000P\000e\000r\000a\000n\000c\000a\000n\000g\000a\000n\000\040\000P\000e\000r\000a\000n\000g\000k\000a\000t\000\040\000K\000e\000r\000a\000s\000\040\000\050\000H\000a\000r\000d\000w\000a\000r\000e\000\051}{section.21}% 11
\BOOKMARK [2][-]{subsection.25}{\376\377\000P\000e\000r\000a\000n\000c\000a\000n\000g\000a\000n\000\040\000S\000i\000s\000t\000e\000m\000\040\000V\000i\000s\000u\000a\000l\000\040\000\050\000V\000i\000s\000u\000a\000l\000\051}{section.21}% 12
\BOOKMARK [2][-]{subsection.28}{\376\377\000P\000e\000r\000a\000n\000c\000a\000n\000g\000a\000n\000\040\000L\000o\000g\000i\000k\000a\000\040\000K\000o\000n\000t\000r\000o\000l\000\040\000d\000a\000n\000\040\000N\000a\000v\000i\000g\000a\000s\000i\000\040\000\050\000L\000o\000g\000i\000c\000\051}{section.21}% 13
\BOOKMARK [3][-]{subsubsection.29}{\376\377\000P\000e\000n\000g\000e\000n\000d\000a\000l\000i\000\040\000D\000r\000i\000v\000e\000r\000\040\000M\000o\000t\000o\000r\000\040\000\050\000m\000o\000t\000o\000r\000\137\000m\000a\000n\000a\000g\000e\000r\000.\000p\000y\000\051}{subsection.28}% 14
\BOOKMARK [3][-]{subsubsection.116}{\376\377\000P\000e\000n\000g\000e\000l\000o\000l\000a\000\040\000S\000e\000n\000s\000o\000r\000\040\000J\000a\000r\000a\000k\000\040\000U\000l\000t\000r\000a\000s\000o\000n\000i\000k\000\040\000\050\000u\000l\000t\000r\000a\000s\000o\000n\000i\000c\000\137\000m\000a\000n\000a\000g\000e\000r\000.\000p\000y\000\051}{subsection.28}% 15
\BOOKMARK [3][-]{subsubsection.187}{\376\377\000A\000l\000g\000o\000r\000i\000t\000m\000a\000\040\000K\000o\000n\000t\000r\000o\000l\000\040\000P\000I\000D\000\040\000d\000a\000n\000\040\000L\000o\000g\000i\000k\000a\000\040\000N\000a\000v\000i\000g\000a\000s\000i\000\040\000U\000t\000a\000m\000a\000\040\000\050\000n\000a\000v\000i\000g\000a\000t\000o\000r\000.\000p\000y\000\051}{subsection.28}% 16
\BOOKMARK [1][-]{section.418}{\376\377\000P\000e\000n\000g\000u\000j\000i\000a\000n\000\040\000d\000a\000n\000\040\000H\000a\000s\000i\000l\000\040\000P\000e\000m\000b\000a\000h\000a\000s\000a\000n}{}% 17
\BOOKMARK [2][-]{subsection.419}{\376\377\000P\000e\000n\000g\000u\000j\000i\000a\000n\000\040\000A\000k\000u\000r\000a\000s\000i\000\040\000S\000e\000n\000s\000o\000r\000\040\000J\000a\000r\000a\000k}{section.418}% 18
\BOOKMARK [2][-]{subsection.421}{\376\377\000A\000n\000a\000l\000i\000s\000i\000s\000\040\000P\000e\000n\000g\000u\000j\000i\000a\000n\000\040\000N\000a\000v\000i\000g\000a\000s\000i}{section.418}% 19
\BOOKMARK [1][-]{section.422}{\376\377\000K\000e\000s\000i\000m\000p\000u\000l\000a\000n\000\040\000d\000a\000n\000\040\000S\000a\000r\000a\000n}{}% 20
\BOOKMARK [2][-]{subsection.423}{\376\377\000K\000e\000s\000i\000m\000p\000u\000l\000a\000n}{section.422}% 21
\BOOKMARK [2][-]{subsection.427}{\376\377\000S\000a\000r\000a\000n}{section.422}% 22
